<?xml version="1.0" encoding="UTF-8"?>
<!-- Generated by org.testng.reporters.JUnitReportReporter -->
<testsuite hostname="asd1552po01976" name="basic_tatoc" tests="6" failures="0" timestamp="24 Jun 2016 06:07:16 GMT" time="0.016" errors="0">
  <testcase name="testMethod" time="0.002" classname="basic_tatoc"/>
  <testcase name="testMethod" time="0.003" classname="basic_tatoc"/>
  <testcase name="testMethod" time="0.002" classname="basic_tatoc"/>
  <testcase name="testMethod" time="0.001" classname="basic_tatoc"/>
  <testcase name="testMethod" time="0.002" classname="basic_tatoc"/>
  <testcase name="testMethod" time="0.006" classname="basic_tatoc"/>
</testsuite> <!-- basic_tatoc -->
