<?xml version="1.0" encoding="UTF-8"?>
<!-- Generated by org.testng.reporters.JUnitReportReporter -->
<testsuite hostname="asd1552po01976" name="basic_tatoc$SimpleTest" tests="2" failures="0" timestamp="24 Jun 2016 05:44:06 GMT" time="0.007" errors="0">
  <testcase name="testMethod" time="0.005" classname="basic_tatoc$SimpleTest"/>
  <testcase name="testMethod" time="0.002" classname="basic_tatoc$SimpleTest"/>
</testsuite> <!-- basic_tatoc$SimpleTest -->
